[1/32] cl /c /Zc:__cplusplus /Zp8 /GR /W3 /EHs /nologo /MD /D_CRT_SECURE_NO_DEPRECATE /D_SCL_SECURE_NO_DEPRECATE /D_SECURE_SCL=0   /DMATLAB_MEX_FILE  /DMATLAB_MEX_FILE /O2 /Oy- /DNDEBUG /fp:strict /utf-8 /I "." /I "D:\Users\rok.ister\Documents\GitHub\MRI-processing-tool" /I ".\interface" /I "C:\Program Files\MATLAB\R2023a\extern\include" /I "." -DHAVE_LAPACK_CONFIG_H -DLAPACK_COMPLEX_STRUCTURE -DMW_HAVE_LAPACK_DECLS -DMODEL=CalculateT1Map_mex -DMW_NEEDS_VERSION_H /wd4251  rt_nonfinite.cpp /Fobuild\win64\rt_nonfinite.obj
rt_nonfinite.cpp
[2/32] cl /c /Zc:__cplusplus /Zp8 /GR /W3 /EHs /nologo /MD /D_CRT_SECURE_NO_DEPRECATE /D_SCL_SECURE_NO_DEPRECATE /D_SECURE_SCL=0   /DMATLAB_MEX_FILE  /DMATLAB_MEX_FILE /O2 /Oy- /DNDEBUG /fp:strict /utf-8 /I "." /I "D:\Users\rok.ister\Documents\GitHub\MRI-processing-tool" /I ".\interface" /I "C:\Program Files\MATLAB\R2023a\extern\include" /I "." -DHAVE_LAPACK_CONFIG_H -DLAPACK_COMPLEX_STRUCTURE -DMW_HAVE_LAPACK_DECLS -DMODEL=CalculateT1Map_mex -DMW_NEEDS_VERSION_H /wd4251  CalculateT1Map_mex_data.cpp /Fobuild\win64\CalculateT1Map_mex_data.obj
CalculateT1Map_mex_data.cpp
[3/32] cl /c /Zc:__cplusplus /Zp8 /GR /W3 /EHs /nologo /MD /D_CRT_SECURE_NO_DEPRECATE /D_SCL_SECURE_NO_DEPRECATE /D_SECURE_SCL=0   /DMATLAB_MEX_FILE  /DMATLAB_MEX_FILE /O2 /Oy- /DNDEBUG /fp:strict /utf-8 /I "." /I "D:\Users\rok.ister\Documents\GitHub\MRI-processing-tool" /I ".\interface" /I "C:\Program Files\MATLAB\R2023a\extern\include" /I "." -DHAVE_LAPACK_CONFIG_H -DLAPACK_COMPLEX_STRUCTURE -DMW_HAVE_LAPACK_DECLS -DMODEL=CalculateT1Map_mex -DMW_NEEDS_VERSION_H /wd4251  CalculateT1Map_mex_initialize.cpp /Fobuild\win64\CalculateT1Map_mex_initialize.obj
CalculateT1Map_mex_initialize.cpp
[4/32] cl /c /Zc:__cplusplus /Zp8 /GR /W3 /EHs /nologo /MD /D_CRT_SECURE_NO_DEPRECATE /D_SCL_SECURE_NO_DEPRECATE /D_SECURE_SCL=0   /DMATLAB_MEX_FILE  /DMATLAB_MEX_FILE /O2 /Oy- /DNDEBUG /fp:strict /utf-8 /I "." /I "D:\Users\rok.ister\Documents\GitHub\MRI-processing-tool" /I ".\interface" /I "C:\Program Files\MATLAB\R2023a\extern\include" /I "." -DHAVE_LAPACK_CONFIG_H -DLAPACK_COMPLEX_STRUCTURE -DMW_HAVE_LAPACK_DECLS -DMODEL=CalculateT1Map_mex -DMW_NEEDS_VERSION_H /wd4251  xdot.cpp /Fobuild\win64\xdot.obj
xdot.cpp
[5/32] cl /c /Zc:__cplusplus /Zp8 /GR /W3 /EHs /nologo /MD /D_CRT_SECURE_NO_DEPRECATE /D_SCL_SECURE_NO_DEPRECATE /D_SECURE_SCL=0   /DMATLAB_MEX_FILE  /DMATLAB_MEX_FILE /O2 /Oy- /DNDEBUG /fp:strict /utf-8 /I "." /I "D:\Users\rok.ister\Documents\GitHub\MRI-processing-tool" /I ".\interface" /I "C:\Program Files\MATLAB\R2023a\extern\include" /I "." -DHAVE_LAPACK_CONFIG_H -DLAPACK_COMPLEX_STRUCTURE -DMW_HAVE_LAPACK_DECLS -DMODEL=CalculateT1Map_mex -DMW_NEEDS_VERSION_H /wd4251  warning.cpp /Fobuild\win64\warning.obj
warning.cpp
[6/32] cl /c /Zc:__cplusplus /Zp8 /GR /W3 /EHs /nologo /MD /D_CRT_SECURE_NO_DEPRECATE /D_SCL_SECURE_NO_DEPRECATE /D_SECURE_SCL=0   /DMATLAB_MEX_FILE  /DMATLAB_MEX_FILE /O2 /Oy- /DNDEBUG /fp:strict /utf-8 /I "." /I "D:\Users\rok.ister\Documents\GitHub\MRI-processing-tool" /I ".\interface" /I "C:\Program Files\MATLAB\R2023a\extern\include" /I "." -DHAVE_LAPACK_CONFIG_H -DLAPACK_COMPLEX_STRUCTURE -DMW_HAVE_LAPACK_DECLS -DMODEL=CalculateT1Map_mex -DMW_NEEDS_VERSION_H /wd4251  checkBounds.cpp /Fobuild\win64\checkBounds.obj
checkBounds.cpp
[7/32] cl /c /Zc:__cplusplus /Zp8 /GR /W3 /EHs /nologo /MD /D_CRT_SECURE_NO_DEPRECATE /D_SCL_SECURE_NO_DEPRECATE /D_SECURE_SCL=0   /DMATLAB_MEX_FILE  /DMATLAB_MEX_FILE /O2 /Oy- /DNDEBUG /fp:strict /utf-8 /I "." /I "D:\Users\rok.ister\Documents\GitHub\MRI-processing-tool" /I ".\interface" /I "C:\Program Files\MATLAB\R2023a\extern\include" /I "." -DHAVE_LAPACK_CONFIG_H -DLAPACK_COMPLEX_STRUCTURE -DMW_HAVE_LAPACK_DECLS -DMODEL=CalculateT1Map_mex -DMW_NEEDS_VERSION_H /wd4251  CalculateT1Map_mex_terminate.cpp /Fobuild\win64\CalculateT1Map_mex_terminate.obj
CalculateT1Map_mex_terminate.cpp
[8/32] cl /c /Zc:__cplusplus /Zp8 /GR /W3 /EHs /nologo /MD /D_CRT_SECURE_NO_DEPRECATE /D_SCL_SECURE_NO_DEPRECATE /D_SECURE_SCL=0   /DMATLAB_MEX_FILE  /DMATLAB_MEX_FILE /O2 /Oy- /DNDEBUG /fp:strict /utf-8 /I "." /I "D:\Users\rok.ister\Documents\GitHub\MRI-processing-tool" /I ".\interface" /I "C:\Program Files\MATLAB\R2023a\extern\include" /I "." -DHAVE_LAPACK_CONFIG_H -DLAPACK_COMPLEX_STRUCTURE -DMW_HAVE_LAPACK_DECLS -DMODEL=CalculateT1Map_mex -DMW_NEEDS_VERSION_H /wd4251  validateattributes.cpp /Fobuild\win64\validateattributes.obj
validateattributes.cpp
[9/32] cl /c /Zc:__cplusplus /Zp8 /GR /W3 /EHs /nologo /MD /D_CRT_SECURE_NO_DEPRECATE /D_SCL_SECURE_NO_DEPRECATE /D_SECURE_SCL=0   /DMATLAB_MEX_FILE  /DMATLAB_MEX_FILE /O2 /Oy- /DNDEBUG /fp:strict /utf-8 /I "." /I "D:\Users\rok.ister\Documents\GitHub\MRI-processing-tool" /I ".\interface" /I "C:\Program Files\MATLAB\R2023a\extern\include" /I "." -DHAVE_LAPACK_CONFIG_H -DLAPACK_COMPLEX_STRUCTURE -DMW_HAVE_LAPACK_DECLS -DMODEL=CalculateT1Map_mex -DMW_NEEDS_VERSION_H /wd4251  all.cpp /Fobuild\win64\all.obj
all.cpp
[10/32] cl /c /Zc:__cplusplus /Zp8 /GR /W3 /EHs /nologo /MD /D_CRT_SECURE_NO_DEPRECATE /D_SCL_SECURE_NO_DEPRECATE /D_SECURE_SCL=0   /DMATLAB_MEX_FILE  /DMATLAB_MEX_FILE /O2 /Oy- /DNDEBUG /fp:strict /utf-8 /I "." /I "D:\Users\rok.ister\Documents\GitHub\MRI-processing-tool" /I ".\interface" /I "C:\Program Files\MATLAB\R2023a\extern\include" /I "." -DHAVE_LAPACK_CONFIG_H -DLAPACK_COMPLEX_STRUCTURE -DMW_HAVE_LAPACK_DECLS -DMODEL=CalculateT1Map_mex -DMW_NEEDS_VERSION_H /wd4251  norm.cpp /Fobuild\win64\norm.obj
norm.cpp
[11/32] cl /c /Zc:__cplusplus /Zp8 /GR /W3 /EHs /nologo /MD /D_CRT_SECURE_NO_DEPRECATE /D_SCL_SECURE_NO_DEPRECATE /D_SECURE_SCL=0   /DMATLAB_MEX_FILE  /DMATLAB_MEX_FILE /O2 /Oy- /DNDEBUG /fp:strict /utf-8 /I "." /I "D:\Users\rok.ister\Documents\GitHub\MRI-processing-tool" /I ".\interface" /I "C:\Program Files\MATLAB\R2023a\extern\include" /I "." -DHAVE_LAPACK_CONFIG_H -DLAPACK_COMPLEX_STRUCTURE -DMW_HAVE_LAPACK_DECLS -DMODEL=CalculateT1Map_mex -DMW_NEEDS_VERSION_H /wd4251  driver.cpp /Fobuild\win64\driver.obj
driver.cpp
[12/32] cl /c /Zc:__cplusplus /Zp8 /GR /W3 /EHs /nologo /MD /D_CRT_SECURE_NO_DEPRECATE /D_SCL_SECURE_NO_DEPRECATE /D_SECURE_SCL=0   /DMATLAB_MEX_FILE  /DMATLAB_MEX_FILE /O2 /Oy- /DNDEBUG /fp:strict /utf-8 /I "." /I "D:\Users\rok.ister\Documents\GitHub\MRI-processing-tool" /I ".\interface" /I "C:\Program Files\MATLAB\R2023a\extern\include" /I "." -DHAVE_LAPACK_CONFIG_H -DLAPACK_COMPLEX_STRUCTURE -DMW_HAVE_LAPACK_DECLS -DMODEL=CalculateT1Map_mex -DMW_NEEDS_VERSION_H /wd4251  hasFiniteBounds.cpp /Fobuild\win64\hasFiniteBounds.obj
hasFiniteBounds.cpp
[13/32] cl /c /Zc:__cplusplus /Zp8 /GR /W3 /EHs /nologo /MD /D_CRT_SECURE_NO_DEPRECATE /D_SCL_SECURE_NO_DEPRECATE /D_SECURE_SCL=0   /DMATLAB_MEX_FILE  /DMATLAB_MEX_FILE /O2 /Oy- /DNDEBUG /fp:strict /utf-8 /I "." /I "D:\Users\rok.ister\Documents\GitHub\MRI-processing-tool" /I ".\interface" /I "C:\Program Files\MATLAB\R2023a\extern\include" /I "." -DHAVE_LAPACK_CONFIG_H -DLAPACK_COMPLEX_STRUCTURE -DMW_HAVE_LAPACK_DECLS -DMODEL=CalculateT1Map_mex -DMW_NEEDS_VERSION_H /wd4251  factoryConstruct.cpp /Fobuild\win64\factoryConstruct.obj
factoryConstruct.cpp
[14/32] cl /c /Zc:__cplusplus /Zp8 /GR /W3 /EHs /nologo /MD /D_CRT_SECURE_NO_DEPRECATE /D_SCL_SECURE_NO_DEPRECATE /D_SECURE_SCL=0   /DMATLAB_MEX_FILE  /DMATLAB_MEX_FILE /O2 /Oy- /DNDEBUG /fp:strict /utf-8 /I "." /I "D:\Users\rok.ister\Documents\GitHub\MRI-processing-tool" /I ".\interface" /I "C:\Program Files\MATLAB\R2023a\extern\include" /I "." -DHAVE_LAPACK_CONFIG_H -DLAPACK_COMPLEX_STRUCTURE -DMW_HAVE_LAPACK_DECLS -DMODEL=CalculateT1Map_mex -DMW_NEEDS_VERSION_H /wd4251  exp.cpp /Fobuild\win64\exp.obj
exp.cpp
[15/32] cl /c /Zc:__cplusplus /Zp8 /GR /W3 /EHs /nologo /MD /D_CRT_SECURE_NO_DEPRECATE /D_SCL_SECURE_NO_DEPRECATE /D_SECURE_SCL=0   /DMATLAB_MEX_FILE  /DMATLAB_MEX_FILE /O2 /Oy- /DNDEBUG /fp:strict /utf-8 /I "." /I "D:\Users\rok.ister\Documents\GitHub\MRI-processing-tool" /I ".\interface" /I "C:\Program Files\MATLAB\R2023a\extern\include" /I "." -DHAVE_LAPACK_CONFIG_H -DLAPACK_COMPLEX_STRUCTURE -DMW_HAVE_LAPACK_DECLS -DMODEL=CalculateT1Map_mex -DMW_NEEDS_VERSION_H /wd4251  interface\_coder_CalculateT1Map_mex_api.cpp /Fobuild\win64\_coder_CalculateT1Map_mex_api.obj
_coder_CalculateT1Map_mex_api.cpp
[16/32] cl /c /Zc:__cplusplus /Zp8 /GR /W3 /EHs /nologo /MD /D_CRT_SECURE_NO_DEPRECATE /D_SCL_SECURE_NO_DEPRECATE /D_SECURE_SCL=0   /DMATLAB_MEX_FILE  /DMATLAB_MEX_FILE /O2 /Oy- /DNDEBUG /fp:strict /utf-8 /I "." /I "D:\Users\rok.ister\Documents\GitHub\MRI-processing-tool" /I ".\interface" /I "C:\Program Files\MATLAB\R2023a\extern\include" /I "." -DHAVE_LAPACK_CONFIG_H -DLAPACK_COMPLEX_STRUCTURE -DMW_HAVE_LAPACK_DECLS -DMODEL=CalculateT1Map_mex -DMW_NEEDS_VERSION_H /wd4251  lsqcurvefit.cpp /Fobuild\win64\lsqcurvefit.obj
lsqcurvefit.cpp
[17/32] cl /c /Zc:__cplusplus /Zp8 /GR /W3 /EHs /nologo /MD /D_CRT_SECURE_NO_DEPRECATE /D_SCL_SECURE_NO_DEPRECATE /D_SECURE_SCL=0   /DMATLAB_MEX_FILE  /DMATLAB_MEX_FILE /O2 /Oy- /DNDEBUG /fp:strict /utf-8 /I "." /I "D:\Users\rok.ister\Documents\GitHub\MRI-processing-tool" /I ".\interface" /I "C:\Program Files\MATLAB\R2023a\extern\include" /I "." -DHAVE_LAPACK_CONFIG_H -DLAPACK_COMPLEX_STRUCTURE -DMW_HAVE_LAPACK_DECLS -DMODEL=CalculateT1Map_mex -DMW_NEEDS_VERSION_H /wd4251  computeFiniteDifferences.cpp /Fobuild\win64\computeFiniteDifferences.obj
computeFiniteDifferences.cpp
[18/32] cl /c /Zc:__cplusplus /Zp8 /GR /W3 /EHs /nologo /MD /D_CRT_SECURE_NO_DEPRECATE /D_SCL_SECURE_NO_DEPRECATE /D_SECURE_SCL=0   /DMATLAB_MEX_FILE  /DMATLAB_MEX_FILE /O2 /Oy- /DNDEBUG /fp:strict /utf-8 /I "." /I "D:\Users\rok.ister\Documents\GitHub\MRI-processing-tool" /I ".\interface" /I "C:\Program Files\MATLAB\R2023a\extern\include" /I "." -DHAVE_LAPACK_CONFIG_H -DLAPACK_COMPLEX_STRUCTURE -DMW_HAVE_LAPACK_DECLS -DMODEL=CalculateT1Map_mex -DMW_NEEDS_VERSION_H /wd4251  xgemv.cpp /Fobuild\win64\xgemv.obj
xgemv.cpp
[19/32] cl /c /Zc:__cplusplus /Zp8 /GR /W3 /EHs /nologo /MD /D_CRT_SECURE_NO_DEPRECATE /D_SCL_SECURE_NO_DEPRECATE /D_SECURE_SCL=0   /DMATLAB_MEX_FILE  /DMATLAB_MEX_FILE /O2 /Oy- /DNDEBUG /fp:strict /utf-8 /I "." /I "D:\Users\rok.ister\Documents\GitHub\MRI-processing-tool" /I ".\interface" /I "C:\Program Files\MATLAB\R2023a\extern\include" /I "." -DHAVE_LAPACK_CONFIG_H -DLAPACK_COMPLEX_STRUCTURE -DMW_HAVE_LAPACK_DECLS -DMODEL=CalculateT1Map_mex -DMW_NEEDS_VERSION_H /wd4251  projectBox.cpp /Fobuild\win64\projectBox.obj
projectBox.cpp
[20/32] cl /c /Zc:__cplusplus /Zp8 /GR /W3 /EHs /nologo /MD /D_CRT_SECURE_NO_DEPRECATE /D_SCL_SECURE_NO_DEPRECATE /D_SECURE_SCL=0   /DMATLAB_MEX_FILE  /DMATLAB_MEX_FILE /O2 /Oy- /DNDEBUG /fp:strict /utf-8 /I "." /I "D:\Users\rok.ister\Documents\GitHub\MRI-processing-tool" /I ".\interface" /I "C:\Program Files\MATLAB\R2023a\extern\include" /I "." -DHAVE_LAPACK_CONFIG_H -DLAPACK_COMPLEX_STRUCTURE -DMW_HAVE_LAPACK_DECLS -DMODEL=CalculateT1Map_mex -DMW_NEEDS_VERSION_H /wd4251  checkStoppingCriteria.cpp /Fobuild\win64\checkStoppingCriteria.obj
checkStoppingCriteria.cpp
[21/32] cl /c /Zc:__cplusplus /Zp8 /GR /W3 /EHs /nologo /MD /D_CRT_SECURE_NO_DEPRECATE /D_SCL_SECURE_NO_DEPRECATE /D_SECURE_SCL=0   /DMATLAB_MEX_FILE  /DMATLAB_MEX_FILE /O2 /Oy- /DNDEBUG /fp:strict /utf-8 /I "." /I "D:\Users\rok.ister\Documents\GitHub\MRI-processing-tool" /I ".\interface" /I "C:\Program Files\MATLAB\R2023a\extern\include" /I "." -DHAVE_LAPACK_CONFIG_H -DLAPACK_COMPLEX_STRUCTURE -DMW_HAVE_LAPACK_DECLS -DMODEL=CalculateT1Map_mex -DMW_NEEDS_VERSION_H /wd4251  eml_int_forloop_overflow_check.cpp /Fobuild\win64\eml_int_forloop_overflow_check.obj
eml_int_forloop_overflow_check.cpp
[22/32] cl /c /Zc:__cplusplus /Zp8 /GR /W3 /EHs /nologo /MD /D_CRT_SECURE_NO_DEPRECATE /D_SCL_SECURE_NO_DEPRECATE /D_SECURE_SCL=0   /DMATLAB_MEX_FILE  /DMATLAB_MEX_FILE /O2 /Oy- /DNDEBUG /fp:strict /utf-8 /I "." /I "D:\Users\rok.ister\Documents\GitHub\MRI-processing-tool" /I ".\interface" /I "C:\Program Files\MATLAB\R2023a\extern\include" /I "." -DHAVE_LAPACK_CONFIG_H -DLAPACK_COMPLEX_STRUCTURE -DMW_HAVE_LAPACK_DECLS -DMODEL=CalculateT1Map_mex -DMW_NEEDS_VERSION_H /wd4251  jacobianFiniteDifference.cpp /Fobuild\win64\jacobianFiniteDifference.obj
jacobianFiniteDifference.cpp
[23/32] cl /c /Zc:__cplusplus /Zp8 /GR /W3 /EHs /nologo /MD /D_CRT_SECURE_NO_DEPRECATE /D_SCL_SECURE_NO_DEPRECATE /D_SECURE_SCL=0   /DMATLAB_MEX_FILE  /DMATLAB_MEX_FILE /O2 /Oy- /DNDEBUG /fp:strict /utf-8 /I "." /I "D:\Users\rok.ister\Documents\GitHub\MRI-processing-tool" /I ".\interface" /I "C:\Program Files\MATLAB\R2023a\extern\include" /I "." -DHAVE_LAPACK_CONFIG_H -DLAPACK_COMPLEX_STRUCTURE -DMW_HAVE_LAPACK_DECLS -DMODEL=CalculateT1Map_mex -DMW_NEEDS_VERSION_H /wd4251  fwdFinDiffInsideBnds.cpp /Fobuild\win64\fwdFinDiffInsideBnds.obj
fwdFinDiffInsideBnds.cpp
[24/32] cl /c /Zc:__cplusplus /Zp8 /GR /W3 /EHs /nologo /MD /D_CRT_SECURE_NO_DEPRECATE /D_SCL_SECURE_NO_DEPRECATE /D_SECURE_SCL=0   /DMATLAB_MEX_FILE  /DMATLAB_MEX_FILE /O2 /Oy- /DNDEBUG /fp:strict /utf-8 /I "." /I "D:\Users\rok.ister\Documents\GitHub\MRI-processing-tool" /I ".\interface" /I "C:\Program Files\MATLAB\R2023a\extern\include" /I "." -DHAVE_LAPACK_CONFIG_H -DLAPACK_COMPLEX_STRUCTURE -DMW_HAVE_LAPACK_DECLS -DMODEL=CalculateT1Map_mex -DMW_NEEDS_VERSION_H /wd4251  interface\_coder_CalculateT1Map_mex_info.cpp /Fobuild\win64\_coder_CalculateT1Map_mex_info.obj
_coder_CalculateT1Map_mex_info.cpp
[25/32] cl /c /Zc:__cplusplus /Zp8 /GR /W3 /EHs /nologo /MD /D_CRT_SECURE_NO_DEPRECATE /D_SCL_SECURE_NO_DEPRECATE /D_SECURE_SCL=0   /DMATLAB_MEX_FILE  /DMATLAB_MEX_FILE /O2 /Oy- /DNDEBUG /fp:strict /utf-8 /I "." /I "D:\Users\rok.ister\Documents\GitHub\MRI-processing-tool" /I ".\interface" /I "C:\Program Files\MATLAB\R2023a\extern\include" /I "." -DHAVE_LAPACK_CONFIG_H -DLAPACK_COMPLEX_STRUCTURE -DMW_HAVE_LAPACK_DECLS -DMODEL=CalculateT1Map_mex -DMW_NEEDS_VERSION_H /wd4251  CalculateT2Map.cpp /Fobuild\win64\CalculateT2Map.obj
CalculateT2Map.cpp
[26/32] cl /c /Zc:__cplusplus /Zp8 /GR /W3 /EHs /nologo /MD /D_CRT_SECURE_NO_DEPRECATE /D_SCL_SECURE_NO_DEPRECATE /D_SECURE_SCL=0   /DMATLAB_MEX_FILE  /DMATLAB_MEX_FILE /O2 /Oy- /DNDEBUG /fp:strict /utf-8 /I "." /I "D:\Users\rok.ister\Documents\GitHub\MRI-processing-tool" /I ".\interface" /I "C:\Program Files\MATLAB\R2023a\extern\include" /I "." -DHAVE_LAPACK_CONFIG_H -DLAPACK_COMPLEX_STRUCTURE -DMW_HAVE_LAPACK_DECLS -DMODEL=CalculateT1Map_mex -DMW_NEEDS_VERSION_H /wd4251  "C:\Program Files\MATLAB\R2023a\extern\version\cpp_mexapi_version.cpp" /Fobuild\win64\cpp_mexapi_version.obj
cpp_mexapi_version.cpp
[27/32] cl /c /Zc:__cplusplus /Zp8 /GR /W3 /EHs /nologo /MD /D_CRT_SECURE_NO_DEPRECATE /D_SCL_SECURE_NO_DEPRECATE /D_SECURE_SCL=0   /DMATLAB_MEX_FILE  /DMATLAB_MEX_FILE /O2 /Oy- /DNDEBUG /fp:strict /utf-8 /I "." /I "D:\Users\rok.ister\Documents\GitHub\MRI-processing-tool" /I ".\interface" /I "C:\Program Files\MATLAB\R2023a\extern\include" /I "." -DHAVE_LAPACK_CONFIG_H -DLAPACK_COMPLEX_STRUCTURE -DMW_HAVE_LAPACK_DECLS -DMODEL=CalculateT1Map_mex -DMW_NEEDS_VERSION_H /wd4251  checkFinite.cpp /Fobuild\win64\checkFinite.obj
checkFinite.cpp
[28/32] cl /c /Zc:__cplusplus /Zp8 /GR /W3 /EHs /nologo /MD /D_CRT_SECURE_NO_DEPRECATE /D_SCL_SECURE_NO_DEPRECATE /D_SECURE_SCL=0   /DMATLAB_MEX_FILE  /DMATLAB_MEX_FILE /O2 /Oy- /DNDEBUG /fp:strict /utf-8 /I "." /I "D:\Users\rok.ister\Documents\GitHub\MRI-processing-tool" /I ".\interface" /I "C:\Program Files\MATLAB\R2023a\extern\include" /I "." -DHAVE_LAPACK_CONFIG_H -DLAPACK_COMPLEX_STRUCTURE -DMW_HAVE_LAPACK_DECLS -DMODEL=CalculateT1Map_mex -DMW_NEEDS_VERSION_H /wd4251  interface\_coder_CalculateT1Map_mex_mex.cpp /Fobuild\win64\_coder_CalculateT1Map_mex_mex.obj
_coder_CalculateT1Map_mex_mex.cpp
[29/32] cl /c /Zc:__cplusplus /Zp8 /GR /W3 /EHs /nologo /MD /D_CRT_SECURE_NO_DEPRECATE /D_SCL_SECURE_NO_DEPRECATE /D_SECURE_SCL=0   /DMATLAB_MEX_FILE  /DMATLAB_MEX_FILE /O2 /Oy- /DNDEBUG /fp:strict /utf-8 /I "." /I "D:\Users\rok.ister\Documents\GitHub\MRI-processing-tool" /I ".\interface" /I "C:\Program Files\MATLAB\R2023a\extern\include" /I "." -DHAVE_LAPACK_CONFIG_H -DLAPACK_COMPLEX_STRUCTURE -DMW_HAVE_LAPACK_DECLS -DMODEL=CalculateT1Map_mex -DMW_NEEDS_VERSION_H /wd4251  CalculateT1Map.cpp /Fobuild\win64\CalculateT1Map.obj
CalculateT1Map.cpp
[30/32] cl /c /Zc:__cplusplus /Zp8 /GR /W3 /EHs /nologo /MD /D_CRT_SECURE_NO_DEPRECATE /D_SCL_SECURE_NO_DEPRECATE /D_SECURE_SCL=0   /DMATLAB_MEX_FILE  /DMATLAB_MEX_FILE /O2 /Oy- /DNDEBUG /fp:strict /utf-8 /I "." /I "D:\Users\rok.ister\Documents\GitHub\MRI-processing-tool" /I ".\interface" /I "C:\Program Files\MATLAB\R2023a\extern\include" /I "." -DHAVE_LAPACK_CONFIG_H -DLAPACK_COMPLEX_STRUCTURE -DMW_HAVE_LAPACK_DECLS -DMODEL=CalculateT1Map_mex -DMW_NEEDS_VERSION_H /wd4251  xcopy.cpp /Fobuild\win64\xcopy.obj
xcopy.cpp
[31/32] cl /c /Zc:__cplusplus /Zp8 /GR /W3 /EHs /nologo /MD /D_CRT_SECURE_NO_DEPRECATE /D_SCL_SECURE_NO_DEPRECATE /D_SECURE_SCL=0   /DMATLAB_MEX_FILE  /DMATLAB_MEX_FILE /O2 /Oy- /DNDEBUG /fp:strict /utf-8 /I "." /I "D:\Users\rok.ister\Documents\GitHub\MRI-processing-tool" /I ".\interface" /I "C:\Program Files\MATLAB\R2023a\extern\include" /I "." -DHAVE_LAPACK_CONFIG_H -DLAPACK_COMPLEX_STRUCTURE -DMW_HAVE_LAPACK_DECLS -DMODEL=CalculateT1Map_mex -DMW_NEEDS_VERSION_H /wd4251  linearLeastSquares.cpp /Fobuild\win64\linearLeastSquares.obj
linearLeastSquares.cpp
[32/32] link build\win64\CalculateT1Map_mex_data.obj build\win64\rt_nonfinite.obj build\win64\CalculateT1Map_mex_initialize.obj build\win64\CalculateT1Map_mex_terminate.obj build\win64\CalculateT1Map.obj build\win64\lsqcurvefit.obj build\win64\all.obj build\win64\checkBounds.obj build\win64\driver.obj build\win64\warning.obj build\win64\xdot.obj build\win64\factoryConstruct.obj build\win64\validateattributes.obj build\win64\norm.obj build\win64\CalculateT2Map.obj build\win64\_coder_CalculateT1Map_mex_api.obj build\win64\_coder_CalculateT1Map_mex_mex.obj build\win64\eml_int_forloop_overflow_check.obj build\win64\checkStoppingCriteria.obj build\win64\hasFiniteBounds.obj build\win64\exp.obj build\win64\checkFinite.obj build\win64\jacobianFiniteDifference.obj build\win64\computeFiniteDifferences.obj build\win64\xgemv.obj build\win64\projectBox.obj build\win64\linearLeastSquares.obj build\win64\xcopy.obj build\win64\fwdFinDiffInsideBnds.obj build\win64\_coder_CalculateT1Map_mex_info.obj build\win64\cpp_mexapi_version.obj  /nologo /manifest   /DLL /LIBPATH:"C:\Program Files\MATLAB\R2023a\extern\lib\win64\microsoft" libmx.lib libmex.lib libmat.lib kernel32.lib user32.lib gdi32.lib winspool.lib comdlg32.lib advapi32.lib shell32.lib ole32.lib oleaut32.lib uuid.lib odbc32.lib odbccp32.lib libMatlabDataArray.lib libMatlabEngine.lib  /out:"CalculateT1Map_mex.mexw64" /LIBPATH:"C:\Program Files\MATLAB\R2023a\extern\lib\win64\microsoft" libmwlapack.lib libmwblas.lib libemlrt.lib libcovrt.lib libut.lib libmwmathutil.lib 
   Creating library CalculateT1Map_mex.lib and object CalculateT1Map_mex.exp
