[1/28] cl /c /Zc:__cplusplus /Zp8 /GR /W3 /EHs /nologo /MD /D_CRT_SECURE_NO_DEPRECATE /D_SCL_SECURE_NO_DEPRECATE /D_SECURE_SCL=0   /DMATLAB_MEX_FILE  /DMATLAB_MEX_FILE /O2 /Oy- /DNDEBUG /fp:strict /utf-8 /I "." /I "D:\Users\rok.ister\Documents\GitHub\MRI-processing-tool" /I ".\interface" /I "C:\Program Files\MATLAB\R2023a\extern\include" /I "." -DHAVE_LAPACK_CONFIG_H -DLAPACK_COMPLEX_STRUCTURE -DMW_HAVE_LAPACK_DECLS -DMODEL=CalculateT2Map_mex -DMW_NEEDS_VERSION_H /wd4251  CalculateT2Map_data.cpp /Fobuild\win64\CalculateT2Map_data.obj
CalculateT2Map_data.cpp
[2/28] cl /c /Zc:__cplusplus /Zp8 /GR /W3 /EHs /nologo /MD /D_CRT_SECURE_NO_DEPRECATE /D_SCL_SECURE_NO_DEPRECATE /D_SECURE_SCL=0   /DMATLAB_MEX_FILE  /DMATLAB_MEX_FILE /O2 /Oy- /DNDEBUG /fp:strict /utf-8 /I "." /I "D:\Users\rok.ister\Documents\GitHub\MRI-processing-tool" /I ".\interface" /I "C:\Program Files\MATLAB\R2023a\extern\include" /I "." -DHAVE_LAPACK_CONFIG_H -DLAPACK_COMPLEX_STRUCTURE -DMW_HAVE_LAPACK_DECLS -DMODEL=CalculateT2Map_mex -DMW_NEEDS_VERSION_H /wd4251  CalculateT2Map_terminate.cpp /Fobuild\win64\CalculateT2Map_terminate.obj
CalculateT2Map_terminate.cpp
[3/28] cl /c /Zc:__cplusplus /Zp8 /GR /W3 /EHs /nologo /MD /D_CRT_SECURE_NO_DEPRECATE /D_SCL_SECURE_NO_DEPRECATE /D_SECURE_SCL=0   /DMATLAB_MEX_FILE  /DMATLAB_MEX_FILE /O2 /Oy- /DNDEBUG /fp:strict /utf-8 /I "." /I "D:\Users\rok.ister\Documents\GitHub\MRI-processing-tool" /I ".\interface" /I "C:\Program Files\MATLAB\R2023a\extern\include" /I "." -DHAVE_LAPACK_CONFIG_H -DLAPACK_COMPLEX_STRUCTURE -DMW_HAVE_LAPACK_DECLS -DMODEL=CalculateT2Map_mex -DMW_NEEDS_VERSION_H /wd4251  rt_nonfinite.cpp /Fobuild\win64\rt_nonfinite.obj
rt_nonfinite.cpp
[4/28] cl /c /Zc:__cplusplus /Zp8 /GR /W3 /EHs /nologo /MD /D_CRT_SECURE_NO_DEPRECATE /D_SCL_SECURE_NO_DEPRECATE /D_SECURE_SCL=0   /DMATLAB_MEX_FILE  /DMATLAB_MEX_FILE /O2 /Oy- /DNDEBUG /fp:strict /utf-8 /I "." /I "D:\Users\rok.ister\Documents\GitHub\MRI-processing-tool" /I ".\interface" /I "C:\Program Files\MATLAB\R2023a\extern\include" /I "." -DHAVE_LAPACK_CONFIG_H -DLAPACK_COMPLEX_STRUCTURE -DMW_HAVE_LAPACK_DECLS -DMODEL=CalculateT2Map_mex -DMW_NEEDS_VERSION_H /wd4251  warning.cpp /Fobuild\win64\warning.obj
warning.cpp
[5/28] cl /c /Zc:__cplusplus /Zp8 /GR /W3 /EHs /nologo /MD /D_CRT_SECURE_NO_DEPRECATE /D_SCL_SECURE_NO_DEPRECATE /D_SECURE_SCL=0   /DMATLAB_MEX_FILE  /DMATLAB_MEX_FILE /O2 /Oy- /DNDEBUG /fp:strict /utf-8 /I "." /I "D:\Users\rok.ister\Documents\GitHub\MRI-processing-tool" /I ".\interface" /I "C:\Program Files\MATLAB\R2023a\extern\include" /I "." -DHAVE_LAPACK_CONFIG_H -DLAPACK_COMPLEX_STRUCTURE -DMW_HAVE_LAPACK_DECLS -DMODEL=CalculateT2Map_mex -DMW_NEEDS_VERSION_H /wd4251  projectBox.cpp /Fobuild\win64\projectBox.obj
projectBox.cpp
[6/28] cl /c /Zc:__cplusplus /Zp8 /GR /W3 /EHs /nologo /MD /D_CRT_SECURE_NO_DEPRECATE /D_SCL_SECURE_NO_DEPRECATE /D_SECURE_SCL=0   /DMATLAB_MEX_FILE  /DMATLAB_MEX_FILE /O2 /Oy- /DNDEBUG /fp:strict /utf-8 /I "." /I "D:\Users\rok.ister\Documents\GitHub\MRI-processing-tool" /I ".\interface" /I "C:\Program Files\MATLAB\R2023a\extern\include" /I "." -DHAVE_LAPACK_CONFIG_H -DLAPACK_COMPLEX_STRUCTURE -DMW_HAVE_LAPACK_DECLS -DMODEL=CalculateT2Map_mex -DMW_NEEDS_VERSION_H /wd4251  validateattributes.cpp /Fobuild\win64\validateattributes.obj
validateattributes.cpp
[7/28] cl /c /Zc:__cplusplus /Zp8 /GR /W3 /EHs /nologo /MD /D_CRT_SECURE_NO_DEPRECATE /D_SCL_SECURE_NO_DEPRECATE /D_SECURE_SCL=0   /DMATLAB_MEX_FILE  /DMATLAB_MEX_FILE /O2 /Oy- /DNDEBUG /fp:strict /utf-8 /I "." /I "D:\Users\rok.ister\Documents\GitHub\MRI-processing-tool" /I ".\interface" /I "C:\Program Files\MATLAB\R2023a\extern\include" /I "." -DHAVE_LAPACK_CONFIG_H -DLAPACK_COMPLEX_STRUCTURE -DMW_HAVE_LAPACK_DECLS -DMODEL=CalculateT2Map_mex -DMW_NEEDS_VERSION_H /wd4251  xdot.cpp /Fobuild\win64\xdot.obj
xdot.cpp
[8/28] cl /c /Zc:__cplusplus /Zp8 /GR /W3 /EHs /nologo /MD /D_CRT_SECURE_NO_DEPRECATE /D_SCL_SECURE_NO_DEPRECATE /D_SECURE_SCL=0   /DMATLAB_MEX_FILE  /DMATLAB_MEX_FILE /O2 /Oy- /DNDEBUG /fp:strict /utf-8 /I "." /I "D:\Users\rok.ister\Documents\GitHub\MRI-processing-tool" /I ".\interface" /I "C:\Program Files\MATLAB\R2023a\extern\include" /I "." -DHAVE_LAPACK_CONFIG_H -DLAPACK_COMPLEX_STRUCTURE -DMW_HAVE_LAPACK_DECLS -DMODEL=CalculateT2Map_mex -DMW_NEEDS_VERSION_H /wd4251  CalculateT2Map_initialize.cpp /Fobuild\win64\CalculateT2Map_initialize.obj
CalculateT2Map_initialize.cpp
[9/28] cl /c /Zc:__cplusplus /Zp8 /GR /W3 /EHs /nologo /MD /D_CRT_SECURE_NO_DEPRECATE /D_SCL_SECURE_NO_DEPRECATE /D_SECURE_SCL=0   /DMATLAB_MEX_FILE  /DMATLAB_MEX_FILE /O2 /Oy- /DNDEBUG /fp:strict /utf-8 /I "." /I "D:\Users\rok.ister\Documents\GitHub\MRI-processing-tool" /I ".\interface" /I "C:\Program Files\MATLAB\R2023a\extern\include" /I "." -DHAVE_LAPACK_CONFIG_H -DLAPACK_COMPLEX_STRUCTURE -DMW_HAVE_LAPACK_DECLS -DMODEL=CalculateT2Map_mex -DMW_NEEDS_VERSION_H /wd4251  factoryConstruct.cpp /Fobuild\win64\factoryConstruct.obj
factoryConstruct.cpp
[10/28] cl /c /Zc:__cplusplus /Zp8 /GR /W3 /EHs /nologo /MD /D_CRT_SECURE_NO_DEPRECATE /D_SCL_SECURE_NO_DEPRECATE /D_SECURE_SCL=0   /DMATLAB_MEX_FILE  /DMATLAB_MEX_FILE /O2 /Oy- /DNDEBUG /fp:strict /utf-8 /I "." /I "D:\Users\rok.ister\Documents\GitHub\MRI-processing-tool" /I ".\interface" /I "C:\Program Files\MATLAB\R2023a\extern\include" /I "." -DHAVE_LAPACK_CONFIG_H -DLAPACK_COMPLEX_STRUCTURE -DMW_HAVE_LAPACK_DECLS -DMODEL=CalculateT2Map_mex -DMW_NEEDS_VERSION_H /wd4251  lsqcurvefit.cpp /Fobuild\win64\lsqcurvefit.obj
lsqcurvefit.cpp
[11/28] cl /c /Zc:__cplusplus /Zp8 /GR /W3 /EHs /nologo /MD /D_CRT_SECURE_NO_DEPRECATE /D_SCL_SECURE_NO_DEPRECATE /D_SECURE_SCL=0   /DMATLAB_MEX_FILE  /DMATLAB_MEX_FILE /O2 /Oy- /DNDEBUG /fp:strict /utf-8 /I "." /I "D:\Users\rok.ister\Documents\GitHub\MRI-processing-tool" /I ".\interface" /I "C:\Program Files\MATLAB\R2023a\extern\include" /I "." -DHAVE_LAPACK_CONFIG_H -DLAPACK_COMPLEX_STRUCTURE -DMW_HAVE_LAPACK_DECLS -DMODEL=CalculateT2Map_mex -DMW_NEEDS_VERSION_H /wd4251  interface\_coder_CalculateT2Map_info.cpp /Fobuild\win64\_coder_CalculateT2Map_info.obj
_coder_CalculateT2Map_info.cpp
[12/28] cl /c /Zc:__cplusplus /Zp8 /GR /W3 /EHs /nologo /MD /D_CRT_SECURE_NO_DEPRECATE /D_SCL_SECURE_NO_DEPRECATE /D_SECURE_SCL=0   /DMATLAB_MEX_FILE  /DMATLAB_MEX_FILE /O2 /Oy- /DNDEBUG /fp:strict /utf-8 /I "." /I "D:\Users\rok.ister\Documents\GitHub\MRI-processing-tool" /I ".\interface" /I "C:\Program Files\MATLAB\R2023a\extern\include" /I "." -DHAVE_LAPACK_CONFIG_H -DLAPACK_COMPLEX_STRUCTURE -DMW_HAVE_LAPACK_DECLS -DMODEL=CalculateT2Map_mex -DMW_NEEDS_VERSION_H /wd4251  eml_int_forloop_overflow_check.cpp /Fobuild\win64\eml_int_forloop_overflow_check.obj
eml_int_forloop_overflow_check.cpp
[13/28] cl /c /Zc:__cplusplus /Zp8 /GR /W3 /EHs /nologo /MD /D_CRT_SECURE_NO_DEPRECATE /D_SCL_SECURE_NO_DEPRECATE /D_SECURE_SCL=0   /DMATLAB_MEX_FILE  /DMATLAB_MEX_FILE /O2 /Oy- /DNDEBUG /fp:strict /utf-8 /I "." /I "D:\Users\rok.ister\Documents\GitHub\MRI-processing-tool" /I ".\interface" /I "C:\Program Files\MATLAB\R2023a\extern\include" /I "." -DHAVE_LAPACK_CONFIG_H -DLAPACK_COMPLEX_STRUCTURE -DMW_HAVE_LAPACK_DECLS -DMODEL=CalculateT2Map_mex -DMW_NEEDS_VERSION_H /wd4251  checkStoppingCriteria.cpp /Fobuild\win64\checkStoppingCriteria.obj
checkStoppingCriteria.cpp
[14/28] cl /c /Zc:__cplusplus /Zp8 /GR /W3 /EHs /nologo /MD /D_CRT_SECURE_NO_DEPRECATE /D_SCL_SECURE_NO_DEPRECATE /D_SECURE_SCL=0   /DMATLAB_MEX_FILE  /DMATLAB_MEX_FILE /O2 /Oy- /DNDEBUG /fp:strict /utf-8 /I "." /I "D:\Users\rok.ister\Documents\GitHub\MRI-processing-tool" /I ".\interface" /I "C:\Program Files\MATLAB\R2023a\extern\include" /I "." -DHAVE_LAPACK_CONFIG_H -DLAPACK_COMPLEX_STRUCTURE -DMW_HAVE_LAPACK_DECLS -DMODEL=CalculateT2Map_mex -DMW_NEEDS_VERSION_H /wd4251  norm.cpp /Fobuild\win64\norm.obj
norm.cpp
[15/28] cl /c /Zc:__cplusplus /Zp8 /GR /W3 /EHs /nologo /MD /D_CRT_SECURE_NO_DEPRECATE /D_SCL_SECURE_NO_DEPRECATE /D_SECURE_SCL=0   /DMATLAB_MEX_FILE  /DMATLAB_MEX_FILE /O2 /Oy- /DNDEBUG /fp:strict /utf-8 /I "." /I "D:\Users\rok.ister\Documents\GitHub\MRI-processing-tool" /I ".\interface" /I "C:\Program Files\MATLAB\R2023a\extern\include" /I "." -DHAVE_LAPACK_CONFIG_H -DLAPACK_COMPLEX_STRUCTURE -DMW_HAVE_LAPACK_DECLS -DMODEL=CalculateT2Map_mex -DMW_NEEDS_VERSION_H /wd4251  all.cpp /Fobuild\win64\all.obj
all.cpp
[16/28] cl /c /Zc:__cplusplus /Zp8 /GR /W3 /EHs /nologo /MD /D_CRT_SECURE_NO_DEPRECATE /D_SCL_SECURE_NO_DEPRECATE /D_SECURE_SCL=0   /DMATLAB_MEX_FILE  /DMATLAB_MEX_FILE /O2 /Oy- /DNDEBUG /fp:strict /utf-8 /I "." /I "D:\Users\rok.ister\Documents\GitHub\MRI-processing-tool" /I ".\interface" /I "C:\Program Files\MATLAB\R2023a\extern\include" /I "." -DHAVE_LAPACK_CONFIG_H -DLAPACK_COMPLEX_STRUCTURE -DMW_HAVE_LAPACK_DECLS -DMODEL=CalculateT2Map_mex -DMW_NEEDS_VERSION_H /wd4251  interface\_coder_CalculateT2Map_mex.cpp /Fobuild\win64\_coder_CalculateT2Map_mex.obj
_coder_CalculateT2Map_mex.cpp
[17/28] cl /c /Zc:__cplusplus /Zp8 /GR /W3 /EHs /nologo /MD /D_CRT_SECURE_NO_DEPRECATE /D_SCL_SECURE_NO_DEPRECATE /D_SECURE_SCL=0   /DMATLAB_MEX_FILE  /DMATLAB_MEX_FILE /O2 /Oy- /DNDEBUG /fp:strict /utf-8 /I "." /I "D:\Users\rok.ister\Documents\GitHub\MRI-processing-tool" /I ".\interface" /I "C:\Program Files\MATLAB\R2023a\extern\include" /I "." -DHAVE_LAPACK_CONFIG_H -DLAPACK_COMPLEX_STRUCTURE -DMW_HAVE_LAPACK_DECLS -DMODEL=CalculateT2Map_mex -DMW_NEEDS_VERSION_H /wd4251  linearLeastSquares.cpp /Fobuild\win64\linearLeastSquares.obj
linearLeastSquares.cpp
[18/28] cl /c /Zc:__cplusplus /Zp8 /GR /W3 /EHs /nologo /MD /D_CRT_SECURE_NO_DEPRECATE /D_SCL_SECURE_NO_DEPRECATE /D_SECURE_SCL=0   /DMATLAB_MEX_FILE  /DMATLAB_MEX_FILE /O2 /Oy- /DNDEBUG /fp:strict /utf-8 /I "." /I "D:\Users\rok.ister\Documents\GitHub\MRI-processing-tool" /I ".\interface" /I "C:\Program Files\MATLAB\R2023a\extern\include" /I "." -DHAVE_LAPACK_CONFIG_H -DLAPACK_COMPLEX_STRUCTURE -DMW_HAVE_LAPACK_DECLS -DMODEL=CalculateT2Map_mex -DMW_NEEDS_VERSION_H /wd4251  interface\_coder_CalculateT2Map_api.cpp /Fobuild\win64\_coder_CalculateT2Map_api.obj
_coder_CalculateT2Map_api.cpp
[19/28] cl /c /Zc:__cplusplus /Zp8 /GR /W3 /EHs /nologo /MD /D_CRT_SECURE_NO_DEPRECATE /D_SCL_SECURE_NO_DEPRECATE /D_SECURE_SCL=0   /DMATLAB_MEX_FILE  /DMATLAB_MEX_FILE /O2 /Oy- /DNDEBUG /fp:strict /utf-8 /I "." /I "D:\Users\rok.ister\Documents\GitHub\MRI-processing-tool" /I ".\interface" /I "C:\Program Files\MATLAB\R2023a\extern\include" /I "." -DHAVE_LAPACK_CONFIG_H -DLAPACK_COMPLEX_STRUCTURE -DMW_HAVE_LAPACK_DECLS -DMODEL=CalculateT2Map_mex -DMW_NEEDS_VERSION_H /wd4251  hasFiniteBounds.cpp /Fobuild\win64\hasFiniteBounds.obj
hasFiniteBounds.cpp
[20/28] cl /c /Zc:__cplusplus /Zp8 /GR /W3 /EHs /nologo /MD /D_CRT_SECURE_NO_DEPRECATE /D_SCL_SECURE_NO_DEPRECATE /D_SECURE_SCL=0   /DMATLAB_MEX_FILE  /DMATLAB_MEX_FILE /O2 /Oy- /DNDEBUG /fp:strict /utf-8 /I "." /I "D:\Users\rok.ister\Documents\GitHub\MRI-processing-tool" /I ".\interface" /I "C:\Program Files\MATLAB\R2023a\extern\include" /I "." -DHAVE_LAPACK_CONFIG_H -DLAPACK_COMPLEX_STRUCTURE -DMW_HAVE_LAPACK_DECLS -DMODEL=CalculateT2Map_mex -DMW_NEEDS_VERSION_H /wd4251  CalculateT2Map.cpp /Fobuild\win64\CalculateT2Map.obj
CalculateT2Map.cpp
[21/28] cl /c /Zc:__cplusplus /Zp8 /GR /W3 /EHs /nologo /MD /D_CRT_SECURE_NO_DEPRECATE /D_SCL_SECURE_NO_DEPRECATE /D_SECURE_SCL=0   /DMATLAB_MEX_FILE  /DMATLAB_MEX_FILE /O2 /Oy- /DNDEBUG /fp:strict /utf-8 /I "." /I "D:\Users\rok.ister\Documents\GitHub\MRI-processing-tool" /I ".\interface" /I "C:\Program Files\MATLAB\R2023a\extern\include" /I "." -DHAVE_LAPACK_CONFIG_H -DLAPACK_COMPLEX_STRUCTURE -DMW_HAVE_LAPACK_DECLS -DMODEL=CalculateT2Map_mex -DMW_NEEDS_VERSION_H /wd4251  driver.cpp /Fobuild\win64\driver.obj
driver.cpp
[22/28] cl /c /Zc:__cplusplus /Zp8 /GR /W3 /EHs /nologo /MD /D_CRT_SECURE_NO_DEPRECATE /D_SCL_SECURE_NO_DEPRECATE /D_SECURE_SCL=0   /DMATLAB_MEX_FILE  /DMATLAB_MEX_FILE /O2 /Oy- /DNDEBUG /fp:strict /utf-8 /I "." /I "D:\Users\rok.ister\Documents\GitHub\MRI-processing-tool" /I ".\interface" /I "C:\Program Files\MATLAB\R2023a\extern\include" /I "." -DHAVE_LAPACK_CONFIG_H -DLAPACK_COMPLEX_STRUCTURE -DMW_HAVE_LAPACK_DECLS -DMODEL=CalculateT2Map_mex -DMW_NEEDS_VERSION_H /wd4251  xgemv.cpp /Fobuild\win64\xgemv.obj
xgemv.cpp
[23/28] cl /c /Zc:__cplusplus /Zp8 /GR /W3 /EHs /nologo /MD /D_CRT_SECURE_NO_DEPRECATE /D_SCL_SECURE_NO_DEPRECATE /D_SECURE_SCL=0   /DMATLAB_MEX_FILE  /DMATLAB_MEX_FILE /O2 /Oy- /DNDEBUG /fp:strict /utf-8 /I "." /I "D:\Users\rok.ister\Documents\GitHub\MRI-processing-tool" /I ".\interface" /I "C:\Program Files\MATLAB\R2023a\extern\include" /I "." -DHAVE_LAPACK_CONFIG_H -DLAPACK_COMPLEX_STRUCTURE -DMW_HAVE_LAPACK_DECLS -DMODEL=CalculateT2Map_mex -DMW_NEEDS_VERSION_H /wd4251  checkFinite.cpp /Fobuild\win64\checkFinite.obj
checkFinite.cpp
[24/28] cl /c /Zc:__cplusplus /Zp8 /GR /W3 /EHs /nologo /MD /D_CRT_SECURE_NO_DEPRECATE /D_SCL_SECURE_NO_DEPRECATE /D_SECURE_SCL=0   /DMATLAB_MEX_FILE  /DMATLAB_MEX_FILE /O2 /Oy- /DNDEBUG /fp:strict /utf-8 /I "." /I "D:\Users\rok.ister\Documents\GitHub\MRI-processing-tool" /I ".\interface" /I "C:\Program Files\MATLAB\R2023a\extern\include" /I "." -DHAVE_LAPACK_CONFIG_H -DLAPACK_COMPLEX_STRUCTURE -DMW_HAVE_LAPACK_DECLS -DMODEL=CalculateT2Map_mex -DMW_NEEDS_VERSION_H /wd4251  "C:\Program Files\MATLAB\R2023a\extern\version\cpp_mexapi_version.cpp" /Fobuild\win64\cpp_mexapi_version.obj
cpp_mexapi_version.cpp
[25/28] cl /c /Zc:__cplusplus /Zp8 /GR /W3 /EHs /nologo /MD /D_CRT_SECURE_NO_DEPRECATE /D_SCL_SECURE_NO_DEPRECATE /D_SECURE_SCL=0   /DMATLAB_MEX_FILE  /DMATLAB_MEX_FILE /O2 /Oy- /DNDEBUG /fp:strict /utf-8 /I "." /I "D:\Users\rok.ister\Documents\GitHub\MRI-processing-tool" /I ".\interface" /I "C:\Program Files\MATLAB\R2023a\extern\include" /I "." -DHAVE_LAPACK_CONFIG_H -DLAPACK_COMPLEX_STRUCTURE -DMW_HAVE_LAPACK_DECLS -DMODEL=CalculateT2Map_mex -DMW_NEEDS_VERSION_H /wd4251  computeFiniteDifferences.cpp /Fobuild\win64\computeFiniteDifferences.obj
computeFiniteDifferences.cpp
[26/28] cl /c /Zc:__cplusplus /Zp8 /GR /W3 /EHs /nologo /MD /D_CRT_SECURE_NO_DEPRECATE /D_SCL_SECURE_NO_DEPRECATE /D_SECURE_SCL=0   /DMATLAB_MEX_FILE  /DMATLAB_MEX_FILE /O2 /Oy- /DNDEBUG /fp:strict /utf-8 /I "." /I "D:\Users\rok.ister\Documents\GitHub\MRI-processing-tool" /I ".\interface" /I "C:\Program Files\MATLAB\R2023a\extern\include" /I "." -DHAVE_LAPACK_CONFIG_H -DLAPACK_COMPLEX_STRUCTURE -DMW_HAVE_LAPACK_DECLS -DMODEL=CalculateT2Map_mex -DMW_NEEDS_VERSION_H /wd4251  xcopy.cpp /Fobuild\win64\xcopy.obj
xcopy.cpp
[27/28] cl /c /Zc:__cplusplus /Zp8 /GR /W3 /EHs /nologo /MD /D_CRT_SECURE_NO_DEPRECATE /D_SCL_SECURE_NO_DEPRECATE /D_SECURE_SCL=0   /DMATLAB_MEX_FILE  /DMATLAB_MEX_FILE /O2 /Oy- /DNDEBUG /fp:strict /utf-8 /I "." /I "D:\Users\rok.ister\Documents\GitHub\MRI-processing-tool" /I ".\interface" /I "C:\Program Files\MATLAB\R2023a\extern\include" /I "." -DHAVE_LAPACK_CONFIG_H -DLAPACK_COMPLEX_STRUCTURE -DMW_HAVE_LAPACK_DECLS -DMODEL=CalculateT2Map_mex -DMW_NEEDS_VERSION_H /wd4251  jacobianFiniteDifference.cpp /Fobuild\win64\jacobianFiniteDifference.obj
jacobianFiniteDifference.cpp
[28/28] link build\win64\CalculateT2Map_data.obj build\win64\rt_nonfinite.obj build\win64\CalculateT2Map_initialize.obj build\win64\CalculateT2Map_terminate.obj build\win64\CalculateT2Map.obj build\win64\lsqcurvefit.obj build\win64\all.obj build\win64\driver.obj build\win64\projectBox.obj build\win64\warning.obj build\win64\xdot.obj build\win64\factoryConstruct.obj build\win64\validateattributes.obj build\win64\norm.obj build\win64\_coder_CalculateT2Map_api.obj build\win64\_coder_CalculateT2Map_mex.obj build\win64\eml_int_forloop_overflow_check.obj build\win64\checkStoppingCriteria.obj build\win64\hasFiniteBounds.obj build\win64\checkFinite.obj build\win64\jacobianFiniteDifference.obj build\win64\computeFiniteDifferences.obj build\win64\xgemv.obj build\win64\xcopy.obj build\win64\linearLeastSquares.obj build\win64\_coder_CalculateT2Map_info.obj build\win64\cpp_mexapi_version.obj  /nologo /manifest   /DLL /LIBPATH:"C:\Program Files\MATLAB\R2023a\extern\lib\win64\microsoft" libmx.lib libmex.lib libmat.lib kernel32.lib user32.lib gdi32.lib winspool.lib comdlg32.lib advapi32.lib shell32.lib ole32.lib oleaut32.lib uuid.lib odbc32.lib odbccp32.lib libMatlabDataArray.lib libMatlabEngine.lib  /out:"CalculateT2Map_mex.mexw64" /LIBPATH:"C:\Program Files\MATLAB\R2023a\extern\lib\win64\microsoft" libmwlapack.lib libmwblas.lib libemlrt.lib libcovrt.lib libut.lib libmwmathutil.lib 
   Creating library CalculateT2Map_mex.lib and object CalculateT2Map_mex.exp
