[1/11] cl /c /Zc:__cplusplus /Zp8 /GR /W3 /EHs /nologo /MD /D_CRT_SECURE_NO_DEPRECATE /D_SCL_SECURE_NO_DEPRECATE /D_SECURE_SCL=0   /DMATLAB_MEX_FILE  /DMATLAB_MEX_FILE /O2 /Oy- /DNDEBUG /fp:strict /utf-8 /I "." /I "D:\Users\rok.ister\Documents\GitHub\MRI-processing-tool\maps_mex_files" /I ".\interface" /I "C:\Program Files\MATLAB\R2023a\extern\include" /I "." -DMODEL=RefreshImageBC_mex -DMW_NEEDS_VERSION_H /wd4251  interface\_coder_RefreshImageBC_info.cpp /Fobuild\win64\_coder_RefreshImageBC_info.obj
_coder_RefreshImageBC_info.cpp
[2/11] cl /c /Zc:__cplusplus /Zp8 /GR /W3 /EHs /nologo /MD /D_CRT_SECURE_NO_DEPRECATE /D_SCL_SECURE_NO_DEPRECATE /D_SECURE_SCL=0   /DMATLAB_MEX_FILE  /DMATLAB_MEX_FILE /O2 /Oy- /DNDEBUG /fp:strict /utf-8 /I "." /I "D:\Users\rok.ister\Documents\GitHub\MRI-processing-tool\maps_mex_files" /I ".\interface" /I "C:\Program Files\MATLAB\R2023a\extern\include" /I "." -DMODEL=RefreshImageBC_mex -DMW_NEEDS_VERSION_H /wd4251  "C:\Program Files\MATLAB\R2023a\extern\version\cpp_mexapi_version.cpp" /Fobuild\win64\cpp_mexapi_version.obj
cpp_mexapi_version.cpp
[3/11] cl /c /Zc:__cplusplus /Zp8 /GR /W3 /EHs /nologo /MD /D_CRT_SECURE_NO_DEPRECATE /D_SCL_SECURE_NO_DEPRECATE /D_SECURE_SCL=0   /DMATLAB_MEX_FILE  /DMATLAB_MEX_FILE /O2 /Oy- /DNDEBUG /fp:strict /utf-8 /I "." /I "D:\Users\rok.ister\Documents\GitHub\MRI-processing-tool\maps_mex_files" /I ".\interface" /I "C:\Program Files\MATLAB\R2023a\extern\include" /I "." -DMODEL=RefreshImageBC_mex -DMW_NEEDS_VERSION_H /wd4251  eml_int_forloop_overflow_check.cpp /Fobuild\win64\eml_int_forloop_overflow_check.obj
eml_int_forloop_overflow_check.cpp
[4/11] cl /c /Zc:__cplusplus /Zp8 /GR /W3 /EHs /nologo /MD /D_CRT_SECURE_NO_DEPRECATE /D_SCL_SECURE_NO_DEPRECATE /D_SECURE_SCL=0   /DMATLAB_MEX_FILE  /DMATLAB_MEX_FILE /O2 /Oy- /DNDEBUG /fp:strict /utf-8 /I "." /I "D:\Users\rok.ister\Documents\GitHub\MRI-processing-tool\maps_mex_files" /I ".\interface" /I "C:\Program Files\MATLAB\R2023a\extern\include" /I "." -DMODEL=RefreshImageBC_mex -DMW_NEEDS_VERSION_H /wd4251  RefreshImageBC_initialize.cpp /Fobuild\win64\RefreshImageBC_initialize.obj
RefreshImageBC_initialize.cpp
[5/11] cl /c /Zc:__cplusplus /Zp8 /GR /W3 /EHs /nologo /MD /D_CRT_SECURE_NO_DEPRECATE /D_SCL_SECURE_NO_DEPRECATE /D_SECURE_SCL=0   /DMATLAB_MEX_FILE  /DMATLAB_MEX_FILE /O2 /Oy- /DNDEBUG /fp:strict /utf-8 /I "." /I "D:\Users\rok.ister\Documents\GitHub\MRI-processing-tool\maps_mex_files" /I ".\interface" /I "C:\Program Files\MATLAB\R2023a\extern\include" /I "." -DMODEL=RefreshImageBC_mex -DMW_NEEDS_VERSION_H /wd4251  rt_nonfinite.cpp /Fobuild\win64\rt_nonfinite.obj
rt_nonfinite.cpp
[6/11] cl /c /Zc:__cplusplus /Zp8 /GR /W3 /EHs /nologo /MD /D_CRT_SECURE_NO_DEPRECATE /D_SCL_SECURE_NO_DEPRECATE /D_SECURE_SCL=0   /DMATLAB_MEX_FILE  /DMATLAB_MEX_FILE /O2 /Oy- /DNDEBUG /fp:strict /utf-8 /I "." /I "D:\Users\rok.ister\Documents\GitHub\MRI-processing-tool\maps_mex_files" /I ".\interface" /I "C:\Program Files\MATLAB\R2023a\extern\include" /I "." -DMODEL=RefreshImageBC_mex -DMW_NEEDS_VERSION_H /wd4251  interface\_coder_RefreshImageBC_mex.cpp /Fobuild\win64\_coder_RefreshImageBC_mex.obj
_coder_RefreshImageBC_mex.cpp
[7/11] cl /c /Zc:__cplusplus /Zp8 /GR /W3 /EHs /nologo /MD /D_CRT_SECURE_NO_DEPRECATE /D_SCL_SECURE_NO_DEPRECATE /D_SECURE_SCL=0   /DMATLAB_MEX_FILE  /DMATLAB_MEX_FILE /O2 /Oy- /DNDEBUG /fp:strict /utf-8 /I "." /I "D:\Users\rok.ister\Documents\GitHub\MRI-processing-tool\maps_mex_files" /I ".\interface" /I "C:\Program Files\MATLAB\R2023a\extern\include" /I "." -DMODEL=RefreshImageBC_mex -DMW_NEEDS_VERSION_H /wd4251  RefreshImageBC_terminate.cpp /Fobuild\win64\RefreshImageBC_terminate.obj
RefreshImageBC_terminate.cpp
[8/11] cl /c /Zc:__cplusplus /Zp8 /GR /W3 /EHs /nologo /MD /D_CRT_SECURE_NO_DEPRECATE /D_SCL_SECURE_NO_DEPRECATE /D_SECURE_SCL=0   /DMATLAB_MEX_FILE  /DMATLAB_MEX_FILE /O2 /Oy- /DNDEBUG /fp:strict /utf-8 /I "." /I "D:\Users\rok.ister\Documents\GitHub\MRI-processing-tool\maps_mex_files" /I ".\interface" /I "C:\Program Files\MATLAB\R2023a\extern\include" /I "." -DMODEL=RefreshImageBC_mex -DMW_NEEDS_VERSION_H /wd4251  RefreshImageBC_data.cpp /Fobuild\win64\RefreshImageBC_data.obj
RefreshImageBC_data.cpp
[9/11] cl /c /Zc:__cplusplus /Zp8 /GR /W3 /EHs /nologo /MD /D_CRT_SECURE_NO_DEPRECATE /D_SCL_SECURE_NO_DEPRECATE /D_SECURE_SCL=0   /DMATLAB_MEX_FILE  /DMATLAB_MEX_FILE /O2 /Oy- /DNDEBUG /fp:strict /utf-8 /I "." /I "D:\Users\rok.ister\Documents\GitHub\MRI-processing-tool\maps_mex_files" /I ".\interface" /I "C:\Program Files\MATLAB\R2023a\extern\include" /I "." -DMODEL=RefreshImageBC_mex -DMW_NEEDS_VERSION_H /wd4251  interface\_coder_RefreshImageBC_api.cpp /Fobuild\win64\_coder_RefreshImageBC_api.obj
_coder_RefreshImageBC_api.cpp
[10/11] cl /c /Zc:__cplusplus /Zp8 /GR /W3 /EHs /nologo /MD /D_CRT_SECURE_NO_DEPRECATE /D_SCL_SECURE_NO_DEPRECATE /D_SECURE_SCL=0   /DMATLAB_MEX_FILE  /DMATLAB_MEX_FILE /O2 /Oy- /DNDEBUG /fp:strict /utf-8 /I "." /I "D:\Users\rok.ister\Documents\GitHub\MRI-processing-tool\maps_mex_files" /I ".\interface" /I "C:\Program Files\MATLAB\R2023a\extern\include" /I "." -DMODEL=RefreshImageBC_mex -DMW_NEEDS_VERSION_H /wd4251  RefreshImageBC.cpp /Fobuild\win64\RefreshImageBC.obj
RefreshImageBC.cpp
[11/11] link build\win64\RefreshImageBC_data.obj build\win64\rt_nonfinite.obj build\win64\RefreshImageBC_initialize.obj build\win64\RefreshImageBC_terminate.obj build\win64\_coder_RefreshImageBC_api.obj build\win64\_coder_RefreshImageBC_mex.obj build\win64\eml_int_forloop_overflow_check.obj build\win64\RefreshImageBC.obj build\win64\_coder_RefreshImageBC_info.obj build\win64\cpp_mexapi_version.obj  /nologo /manifest   /DLL /LIBPATH:"C:\Program Files\MATLAB\R2023a\extern\lib\win64\microsoft" libmx.lib libmex.lib libmat.lib kernel32.lib user32.lib gdi32.lib winspool.lib comdlg32.lib advapi32.lib shell32.lib ole32.lib oleaut32.lib uuid.lib odbc32.lib odbccp32.lib libMatlabDataArray.lib libMatlabEngine.lib  /out:"RefreshImageBC_mex.mexw64" libemlrt.lib libcovrt.lib libut.lib libmwmathutil.lib 
   Creating library RefreshImageBC_mex.lib and object RefreshImageBC_mex.exp
